2017-06-23 11:35:45,504   GET     301      14 ms  /
2017-06-23 11:35:48,443   GET     200       3 ms  /flow/index.html
2017-06-23 11:35:48,552   GET     200       8 ms  /flow/css/flow-lib.css
2017-06-23 11:35:48,562   GET     200       4 ms  /flow/css/flow.css
2017-06-23 11:35:48,623   GET     200      60 ms  /flow/css/scala-editor.css
2017-06-23 11:35:48,629   GET     200      63 ms  /flow/custom/custom.css
2017-06-23 11:35:48,825   GET     200     250 ms  /flow/js/flow.js
2017-06-23 11:35:48,928   GET     200     356 ms  /flow/js/flow-lib.js
2017-06-23 11:35:48,997   GET     200       2 ms  /flow/img/h2o.png
2017-06-23 11:35:49,454   GET     200       6 ms  /flow/fonts/fontawesome-webfont.woff
2017-06-23 11:35:50,726   GET     200       3 ms  /flow/index.html
2017-06-23 11:35:51,243   GET     200     506 ms  /3/Metadata/endpoints
2017-06-23 11:35:51,636   GET     200      17 ms  /3/NodePersistentStorage/notebook
2017-06-23 11:35:51,642   GET     200       1 ms  /3/NodePersistentStorage/categories/environment/names/clips/exists
2017-06-23 11:35:51,656   GET     200       1 ms  /flow/help/catalog.json
2017-06-23 11:35:51,686   GET     200      19 ms  /3/About
2017-06-23 11:35:51,722   POST    200      25 ms  /3/scalaint
2017-06-23 11:35:51,733   GET     200       1 ms  /flow/img/h2o-flow.png
2017-06-23 11:35:54,090   GET     200       4 ms  /favicon.ico
2017-06-23 11:35:54,138   GET     200    2450 ms  /3/ModelBuilders
2017-06-23 11:35:57,424   GET     200       7 ms  /favicon.ico
2017-06-23 11:36:15,012   GET     400      42 ms  /3/Typeahead/files
2017-06-23 11:36:45,539   GET     200      22 ms  /3/Typeahead/files
2017-06-23 11:36:48,650   GET     200       1 ms  /3/Typeahead/files
2017-06-23 11:39:29,265   GET     200  113552 ms  /3/ImportFiles
2017-06-23 11:40:52,533   GET     200     123 ms  /favicon.ico
2017-06-23 11:42:45,933   GET     200      32 ms  /favicon.ico
2017-06-23 11:42:47,654   GET     200       1 ms  /favicon.ico
2017-06-23 11:42:47,802   GET     200       0 ms  /favicon.ico
