2017-06-28 06:10:41,820   GET     301      79 ms  /
2017-06-28 06:10:42,095   GET     200      63 ms  /flow/index.html
2017-06-28 06:10:42,375   GET     200       6 ms  /flow/css/flow-lib.css
2017-06-28 06:10:42,385   GET     200       2 ms  /flow/css/scala-editor.css
2017-06-28 06:10:42,385   GET     200       7 ms  /flow/css/flow.css
2017-06-28 06:10:42,560   GET     200     173 ms  /flow/custom/custom.css
2017-06-28 06:10:42,641   GET     200     251 ms  /flow/js/flow.js
2017-06-28 06:10:42,670   GET     200     282 ms  /flow/js/flow-lib.js
2017-06-28 06:10:42,706   GET     200       4 ms  /flow/img/h2o.png
2017-06-28 06:10:42,898   GET     200     133 ms  /flow/fonts/fontawesome-webfont.woff
2017-06-28 06:10:43,624   GET     200      31 ms  /flow/index.html
2017-06-28 06:10:44,500   GET     200     832 ms  /3/Metadata/endpoints
2017-06-28 06:10:44,836   GET     200      15 ms  /3/NodePersistentStorage/categories/environment/names/clips/exists
2017-06-28 06:10:44,836   GET     200      32 ms  /3/NodePersistentStorage/notebook
2017-06-28 06:10:44,867   GET     200      20 ms  /flow/help/catalog.json
2017-06-28 06:10:44,911   GET     200      56 ms  /3/About
2017-06-28 06:10:44,912   POST    200      29 ms  /3/scalaint
2017-06-28 06:10:44,924   GET     200       5 ms  /flow/img/h2o-flow.png
2017-06-28 06:10:45,869   GET     200     994 ms  /3/ModelBuilders
2017-06-28 06:10:48,243   GET     200       2 ms  /favicon.ico
2017-06-28 06:10:48,279   GET     200       2 ms  /favicon.ico
2017-06-28 06:10:57,867   GET     200      97 ms  /3/Frames
2017-06-28 06:11:04,339   GET     400      59 ms  /3/Typeahead/files
2017-06-28 06:11:09,689   GET     200       6 ms  /3/Typeahead/files
2017-06-28 06:11:10,671   GET     400      10 ms  /3/Typeahead/files
2017-06-28 06:11:14,822   GET     400       3 ms  /3/Typeahead/files
2017-06-28 06:11:15,160   GET     400       3 ms  /3/Typeahead/files
2017-06-28 06:11:38,063   GET     200      49 ms  /3/Cloud
2017-06-28 06:11:38,170   GET     200      52 ms  /flow/fonts/SourceCodePro-It.ttf.woff2
