2017-06-23 11:49:57,324   GET     200     250 ms  /flow/index.html
2017-06-23 11:49:57,939   GET     200     157 ms  /flow/css/flow-lib.css
2017-06-23 11:49:57,942   GET     200     155 ms  /flow/css/flow.css
2017-06-23 11:49:58,205   GET     200     417 ms  /flow/css/scala-editor.css
2017-06-23 11:49:58,205   GET     200     412 ms  /flow/custom/custom.css
2017-06-23 11:49:58,595   GET     200     162 ms  /flow/img/h2o.png
2017-06-23 11:49:58,603   GET     200     806 ms  /flow/js/flow.js
2017-06-23 11:49:58,660   GET     200     864 ms  /flow/js/flow-lib.js
2017-06-23 11:49:59,298   GET     200       3 ms  /flow/index.html
2017-06-23 11:49:59,891   GET     200     583 ms  /3/Metadata/endpoints
2017-06-23 11:50:00,200   GET     200       9 ms  /3/NodePersistentStorage/categories/environment/names/clips/exists
2017-06-23 11:50:00,201   GET     200      32 ms  /3/NodePersistentStorage/notebook
2017-06-23 11:50:00,221   GET     200      15 ms  /flow/help/catalog.json
2017-06-23 11:50:00,240   GET     200      27 ms  /3/About
2017-06-23 11:50:00,305   GET     200      19 ms  /flow/img/h2o-flow.png
2017-06-23 11:50:00,310   POST    200      56 ms  /3/scalaint
2017-06-23 11:50:00,645   GET     200      56 ms  /flow/fonts/fontawesome-webfont.woff
2017-06-23 11:50:01,866   GET     200    1624 ms  /3/ModelBuilders
2017-06-23 11:50:02,879   GET     200       2 ms  /favicon.ico
2017-06-23 11:50:14,539   GET     200      39 ms  /3/Typeahead/files
2017-06-23 11:50:23,706   GET     200       1 ms  /3/Typeahead/files
2017-06-23 11:50:24,530   GET     200       0 ms  /3/Typeahead/files
2017-06-23 11:50:36,738   GET     200       1 ms  /3/Typeahead/files
2017-06-23 11:50:45,062   GET     200     529 ms  /3/ImportFiles
2017-06-23 11:50:45,811   GET     200     735 ms  /3/ImportFiles
2017-06-23 11:50:45,896   GET     200      60 ms  /3/ImportFiles
2017-06-23 11:50:46,115   GET     200     213 ms  /3/ImportFiles
2017-06-23 11:50:46,440   GET     200     315 ms  /3/ImportFiles
2017-06-23 11:50:46,521   GET     200      66 ms  /3/ImportFiles
2017-06-23 11:50:46,655   GET     200     128 ms  /3/ImportFiles
2017-06-23 11:50:46,691   GET     200      22 ms  /3/ImportFiles
2017-06-23 11:51:29,751   POST    412    4369 ms  /3/ParseSetup
2017-06-23 11:52:53,180   GET     200   14012 ms  /3/Frames
